Build started 2015-10-05 18:37:22.
     1>Project "C:\Users\BTH\Desktop\Assignment3\GamePlay-master\game\assignment3_Gameplay3D\assignment3_Gameplay3D.vcxproj" on node 2 (Build target(s)).
     1>PreBuildEvent:
         xcopy ..\..\..\GamePlay-master\gameplay\res\shaders res\shaders\* /s /y /d
         xcopy ..\..\..\GamePlay-master\gameplay\res\ui res\ui\* /s /y /d
         :VCEnd
         ..\..\..\GamePlay-master\gameplay\res\shaders\colored.frag
         ..\..\..\GamePlay-master\gameplay\res\shaders\colored.vert
         ..\..\..\GamePlay-master\gameplay\res\shaders\font.frag
         ..\..\..\GamePlay-master\gameplay\res\shaders\font.vert
         ..\..\..\GamePlay-master\gameplay\res\shaders\lighting.frag
         ..\..\..\GamePlay-master\gameplay\res\shaders\lighting.vert
         ..\..\..\GamePlay-master\gameplay\res\shaders\skinning-none.vert
         ..\..\..\GamePlay-master\gameplay\res\shaders\skinning.vert
         ..\..\..\GamePlay-master\gameplay\res\shaders\sprite.frag
         ..\..\..\GamePlay-master\gameplay\res\shaders\sprite.vert
         ..\..\..\GamePlay-master\gameplay\res\shaders\terrain.frag
         ..\..\..\GamePlay-master\gameplay\res\shaders\terrain.vert
         ..\..\..\GamePlay-master\gameplay\res\shaders\textured.frag
         ..\..\..\GamePlay-master\gameplay\res\shaders\textured.vert
         14 File(s) copied
         ..\..\..\GamePlay-master\gameplay\res\ui\arial.gpb
         ..\..\..\GamePlay-master\gameplay\res\ui\default-theme.png
         ..\..\..\GamePlay-master\gameplay\res\ui\default.theme
         3 File(s) copied
       ClCompile:
         C:\Program Files (x86)\Microsoft Visual Studio 12.0\VC\bin\x86_amd64\CL.exe /c /I"..\..\..\GamePlay-master\gameplay\src" /I"..\..\..\GamePlay-master\external-deps\include" /I"C:\Program Files (x86)\Microsoft DirectX SDK (June 2010)\include" /Zi /nologo /W3 /WX- /Od /D WIN32 /D _DEBUG /D _WINDOWS /D GP_USE_GAMEPAD /D _UNICODE /D UNICODE /Gm /EHsc /RTC1 /MD /GS /fp:precise /Zc:wchar_t /Zc:forScope /GR /Fo"Debug\\" /Fd"Debug\vc120.pdb" /Gd /TP /errorReport:prompt src\source.cpp
         source.cpp
       Link:
         C:\Program Files (x86)\Microsoft Visual Studio 12.0\VC\bin\x86_amd64\link.exe /ERRORREPORT:PROMPT /OUT:"Debug\assignment3_Gameplay3D.exe" /INCREMENTAL /NOLOGO /LIBPATH:"..\..\..\GamePlay-master\external-deps\lib\windows\x86_64\Debug" /LIBPATH:"..\..\..\GamePlay-master\gameplay\Debug" /LIBPATH:"C:\Program Files (x86)\Microsoft DirectX SDK (June 2010)\Lib\x64" OpenGL32.lib GLU32.lib gameplay.lib "gameplay-deps.lib" XInput.lib kernel32.lib user32.lib gdi32.lib winspool.lib comdlg32.lib advapi32.lib shell32.lib ole32.lib oleaut32.lib uuid.lib odbc32.lib odbccp32.lib /MANIFEST /MANIFESTUAC:"level='asInvoker' uiAccess='false'" /manifest:embed /DEBUG /PDB:"Debug\assignment3_Gameplay3D.pdb" /SUBSYSTEM:WINDOWS /TLBID:1 /DYNAMICBASE /NXCOMPAT /IMPLIB:"Debug\assignment3_Gameplay3D.lib" /MACHINE:X64 Debug\source.obj
         LINK : Debug\assignment3_Gameplay3D.exe not found or not built by the last incremental link; performing full link
            Creating library Debug\assignment3_Gameplay3D.lib and object Debug\assignment3_Gameplay3D.exp
     1>LINK : warning LNK4098: defaultlib 'MSVCRTD' conflicts with use of other libs; use /NODEFAULTLIB:library
     1>gameplay-deps.lib(zutil.obj) : warning LNK4204: 'C:\Users\BTH\Desktop\Assignment3\GamePlay-master\game\assignment3_Gameplay3D\Debug\vc120.pdb' is missing debugging information for referencing module; linking object as if no debug info
     1>gameplay-deps.lib(trees.obj) : warning LNK4204: 'C:\Users\BTH\Desktop\Assignment3\GamePlay-master\game\assignment3_Gameplay3D\Debug\vc120.pdb' is missing debugging information for referencing module; linking object as if no debug info
     1>gameplay-deps.lib(inffast.obj) : warning LNK4204: 'C:\Users\BTH\Desktop\Assignment3\GamePlay-master\game\assignment3_Gameplay3D\Debug\vc120.pdb' is missing debugging information for referencing module; linking object as if no debug info
     1>gameplay-deps.lib(inftrees.obj) : warning LNK4204: 'C:\Users\BTH\Desktop\Assignment3\GamePlay-master\game\assignment3_Gameplay3D\Debug\vc120.pdb' is missing debugging information for referencing module; linking object as if no debug info
     1>gameplay-deps.lib(inflate.obj) : warning LNK4204: 'C:\Users\BTH\Desktop\Assignment3\GamePlay-master\game\assignment3_Gameplay3D\Debug\vc120.pdb' is missing debugging information for referencing module; linking object as if no debug info
     1>gameplay-deps.lib(deflate.obj) : warning LNK4204: 'C:\Users\BTH\Desktop\Assignment3\GamePlay-master\game\assignment3_Gameplay3D\Debug\vc120.pdb' is missing debugging information for referencing module; linking object as if no debug info
     1>gameplay-deps.lib(crc32.obj) : warning LNK4204: 'C:\Users\BTH\Desktop\Assignment3\GamePlay-master\game\assignment3_Gameplay3D\Debug\vc120.pdb' is missing debugging information for referencing module; linking object as if no debug info
     1>gameplay-deps.lib(adler32.obj) : warning LNK4204: 'C:\Users\BTH\Desktop\Assignment3\GamePlay-master\game\assignment3_Gameplay3D\Debug\vc120.pdb' is missing debugging information for referencing module; linking object as if no debug info
     1>gameplay-deps.lib(vorbisfile.obj) : warning LNK4204: 'C:\Users\BTH\Desktop\Assignment3\GamePlay-master\game\assignment3_Gameplay3D\Debug\vc120.pdb' is missing debugging information for referencing module; linking object as if no debug info
     1>gameplay-deps.lib(registry.obj) : warning LNK4204: 'C:\Users\BTH\Desktop\Assignment3\GamePlay-master\game\assignment3_Gameplay3D\Debug\vc120.pdb' is missing debugging information for referencing module; linking object as if no debug info
     1>gameplay-deps.lib(lsp.obj) : warning LNK4204: 'C:\Users\BTH\Desktop\Assignment3\GamePlay-master\game\assignment3_Gameplay3D\Debug\vc120.pdb' is missing debugging information for referencing module; linking object as if no debug info
     1>gameplay-deps.lib(envelope.obj) : warning LNK4204: 'C:\Users\BTH\Desktop\Assignment3\GamePlay-master\game\assignment3_Gameplay3D\Debug\vc120.pdb' is missing debugging information for referencing module; linking object as if no debug info
     1>gameplay-deps.lib(psy.obj) : warning LNK4204: 'C:\Users\BTH\Desktop\Assignment3\GamePlay-master\game\assignment3_Gameplay3D\Debug\vc120.pdb' is missing debugging information for referencing module; linking object as if no debug info
     1>gameplay-deps.lib(res0.obj) : warning LNK4204: 'C:\Users\BTH\Desktop\Assignment3\GamePlay-master\game\assignment3_Gameplay3D\Debug\vc120.pdb' is missing debugging information for referencing module; linking object as if no debug info
     1>gameplay-deps.lib(bitrate.obj) : warning LNK4204: 'C:\Users\BTH\Desktop\Assignment3\GamePlay-master\game\assignment3_Gameplay3D\Debug\vc120.pdb' is missing debugging information for referencing module; linking object as if no debug info
     1>gameplay-deps.lib(floor1.obj) : warning LNK4204: 'C:\Users\BTH\Desktop\Assignment3\GamePlay-master\game\assignment3_Gameplay3D\Debug\vc120.pdb' is missing debugging information for referencing module; linking object as if no debug info
     1>gameplay-deps.lib(mapping0.obj) : warning LNK4204: 'C:\Users\BTH\Desktop\Assignment3\GamePlay-master\game\assignment3_Gameplay3D\Debug\vc120.pdb' is missing debugging information for referencing module; linking object as if no debug info
     1>gameplay-deps.lib(lpc.obj) : warning LNK4204: 'C:\Users\BTH\Desktop\Assignment3\GamePlay-master\game\assignment3_Gameplay3D\Debug\vc120.pdb' is missing debugging information for referencing module; linking object as if no debug info
     1>gameplay-deps.lib(codebook.obj) : warning LNK4204: 'C:\Users\BTH\Desktop\Assignment3\GamePlay-master\game\assignment3_Gameplay3D\Debug\vc120.pdb' is missing debugging information for referencing module; linking object as if no debug info
     1>gameplay-deps.lib(smallft.obj) : warning LNK4204: 'C:\Users\BTH\Desktop\Assignment3\GamePlay-master\game\assignment3_Gameplay3D\Debug\vc120.pdb' is missing debugging information for referencing module; linking object as if no debug info
     1>gameplay-deps.lib(mdct.obj) : warning LNK4204: 'C:\Users\BTH\Desktop\Assignment3\GamePlay-master\game\assignment3_Gameplay3D\Debug\vc120.pdb' is missing debugging information for referencing module; linking object as if no debug info
     1>gameplay-deps.lib(info.obj) : warning LNK4204: 'C:\Users\BTH\Desktop\Assignment3\GamePlay-master\game\assignment3_Gameplay3D\Debug\vc120.pdb' is missing debugging information for referencing module; linking object as if no debug info
     1>gameplay-deps.lib(window.obj) : warning LNK4204: 'C:\Users\BTH\Desktop\Assignment3\GamePlay-master\game\assignment3_Gameplay3D\Debug\vc120.pdb' is missing debugging information for referencing module; linking object as if no debug info
     1>gameplay-deps.lib(sharedbook.obj) : warning LNK4204: 'C:\Users\BTH\Desktop\Assignment3\GamePlay-master\game\assignment3_Gameplay3D\Debug\vc120.pdb' is missing debugging information for referencing module; linking object as if no debug info
     1>gameplay-deps.lib(floor0.obj) : warning LNK4204: 'C:\Users\BTH\Desktop\Assignment3\GamePlay-master\game\assignment3_Gameplay3D\Debug\vc120.pdb' is missing debugging information for referencing module; linking object as if no debug info
     1>gameplay-deps.lib(block.obj) : warning LNK4204: 'C:\Users\BTH\Desktop\Assignment3\GamePlay-master\game\assignment3_Gameplay3D\Debug\vc120.pdb' is missing debugging information for referencing module; linking object as if no debug info
     1>gameplay-deps.lib(synthesis.obj) : warning LNK4204: 'C:\Users\BTH\Desktop\Assignment3\GamePlay-master\game\assignment3_Gameplay3D\Debug\vc120.pdb' is missing debugging information for referencing module; linking object as if no debug info
     1>gameplay-deps.lib(pngwutil.obj) : warning LNK4204: 'C:\Users\BTH\Desktop\Assignment3\GamePlay-master\game\assignment3_Gameplay3D\Debug\vc120.pdb' is missing debugging information for referencing module; linking object as if no debug info
     1>gameplay-deps.lib(pngwtran.obj) : warning LNK4204: 'C:\Users\BTH\Desktop\Assignment3\GamePlay-master\game\assignment3_Gameplay3D\Debug\vc120.pdb' is missing debugging information for referencing module; linking object as if no debug info
     1>gameplay-deps.lib(pngwrite.obj) : warning LNK4204: 'C:\Users\BTH\Desktop\Assignment3\GamePlay-master\game\assignment3_Gameplay3D\Debug\vc120.pdb' is missing debugging information for referencing module; linking object as if no debug info
     1>gameplay-deps.lib(pngwio.obj) : warning LNK4204: 'C:\Users\BTH\Desktop\Assignment3\GamePlay-master\game\assignment3_Gameplay3D\Debug\vc120.pdb' is missing debugging information for referencing module; linking object as if no debug info
     1>gameplay-deps.lib(pngtrans.obj) : warning LNK4204: 'C:\Users\BTH\Desktop\Assignment3\GamePlay-master\game\assignment3_Gameplay3D\Debug\vc120.pdb' is missing debugging information for referencing module; linking object as if no debug info
     1>gameplay-deps.lib(pngset.obj) : warning LNK4204: 'C:\Users\BTH\Desktop\Assignment3\GamePlay-master\game\assignment3_Gameplay3D\Debug\vc120.pdb' is missing debugging information for referencing module; linking object as if no debug info
     1>gameplay-deps.lib(pngrutil.obj) : warning LNK4204: 'C:\Users\BTH\Desktop\Assignment3\GamePlay-master\game\assignment3_Gameplay3D\Debug\vc120.pdb' is missing debugging information for referencing module; linking object as if no debug info
     1>gameplay-deps.lib(pngrtran.obj) : warning LNK4204: 'C:\Users\BTH\Desktop\Assignment3\GamePlay-master\game\assignment3_Gameplay3D\Debug\vc120.pdb' is missing debugging information for referencing module; linking object as if no debug info
     1>gameplay-deps.lib(pngrio.obj) : warning LNK4204: 'C:\Users\BTH\Desktop\Assignment3\GamePlay-master\game\assignment3_Gameplay3D\Debug\vc120.pdb' is missing debugging information for referencing module; linking object as if no debug info
     1>gameplay-deps.lib(pngread.obj) : warning LNK4204: 'C:\Users\BTH\Desktop\Assignment3\GamePlay-master\game\assignment3_Gameplay3D\Debug\vc120.pdb' is missing debugging information for referencing module; linking object as if no debug info
     1>gameplay-deps.lib(pngmem.obj) : warning LNK4204: 'C:\Users\BTH\Desktop\Assignment3\GamePlay-master\game\assignment3_Gameplay3D\Debug\vc120.pdb' is missing debugging information for referencing module; linking object as if no debug info
     1>gameplay-deps.lib(pngget.obj) : warning LNK4204: 'C:\Users\BTH\Desktop\Assignment3\GamePlay-master\game\assignment3_Gameplay3D\Debug\vc120.pdb' is missing debugging information for referencing module; linking object as if no debug info
     1>gameplay-deps.lib(pngerror.obj) : warning LNK4204: 'C:\Users\BTH\Desktop\Assignment3\GamePlay-master\game\assignment3_Gameplay3D\Debug\vc120.pdb' is missing debugging information for referencing module; linking object as if no debug info
     1>gameplay-deps.lib(png.obj) : warning LNK4204: 'C:\Users\BTH\Desktop\Assignment3\GamePlay-master\game\assignment3_Gameplay3D\Debug\vc120.pdb' is missing debugging information for referencing module; linking object as if no debug info
     1>gameplay-deps.lib(null.c.obj) : warning LNK4204: 'C:\Users\BTH\Desktop\Assignment3\GamePlay-master\game\assignment3_Gameplay3D\Debug\vc120.pdb' is missing debugging information for referencing module; linking object as if no debug info
     1>gameplay-deps.lib(base.c.obj) : warning LNK4204: 'C:\Users\BTH\Desktop\Assignment3\GamePlay-master\game\assignment3_Gameplay3D\Debug\vc120.pdb' is missing debugging information for referencing module; linking object as if no debug info
     1>gameplay-deps.lib(base.c.obj) : warning LNK4204: 'C:\Users\BTH\Desktop\Assignment3\GamePlay-master\game\assignment3_Gameplay3D\Debug\vc120.pdb' is missing debugging information for referencing module; linking object as if no debug info
     1>gameplay-deps.lib(null.c.obj) : warning LNK4204: 'C:\Users\BTH\Desktop\Assignment3\GamePlay-master\game\assignment3_Gameplay3D\Debug\vc120.pdb' is missing debugging information for referencing module; linking object as if no debug info
     1>gameplay-deps.lib(wave.obj) : warning LNK4204: 'C:\Users\BTH\Desktop\Assignment3\GamePlay-master\game\assignment3_Gameplay3D\Debug\vc120.pdb' is missing debugging information for referencing module; linking object as if no debug info
     1>gameplay-deps.lib(dsound.obj) : warning LNK4204: 'C:\Users\BTH\Desktop\Assignment3\GamePlay-master\game\assignment3_Gameplay3D\Debug\vc120.pdb' is missing debugging information for referencing module; linking object as if no debug info
     1>gameplay-deps.lib(loopback.obj) : warning LNK4204: 'C:\Users\BTH\Desktop\Assignment3\GamePlay-master\game\assignment3_Gameplay3D\Debug\vc120.pdb' is missing debugging information for referencing module; linking object as if no debug info
     1>gameplay-deps.lib(soft.obj) : warning LNK4204: 'C:\Users\BTH\Desktop\Assignment3\GamePlay-master\game\assignment3_Gameplay3D\Debug\vc120.pdb' is missing debugging information for referencing module; linking object as if no debug info
     1>gameplay-deps.lib(fluidsynth.obj) : warning LNK4204: 'C:\Users\BTH\Desktop\Assignment3\GamePlay-master\game\assignment3_Gameplay3D\Debug\vc120.pdb' is missing debugging information for referencing module; linking object as if no debug info
     1>gameplay-deps.lib(dummy.obj) : warning LNK4204: 'C:\Users\BTH\Desktop\Assignment3\GamePlay-master\game\assignment3_Gameplay3D\Debug\vc120.pdb' is missing debugging information for referencing module; linking object as if no debug info
     1>gameplay-deps.lib(sf2load.obj) : warning LNK4204: 'C:\Users\BTH\Desktop\Assignment3\GamePlay-master\game\assignment3_Gameplay3D\Debug\vc120.pdb' is missing debugging information for referencing module; linking object as if no debug info
     1>gameplay-deps.lib(mixer_sse41.obj) : warning LNK4204: 'C:\Users\BTH\Desktop\Assignment3\GamePlay-master\game\assignment3_Gameplay3D\Debug\vc120.pdb' is missing debugging information for referencing module; linking object as if no debug info
     1>gameplay-deps.lib(mixer_sse2.obj) : warning LNK4204: 'C:\Users\BTH\Desktop\Assignment3\GamePlay-master\game\assignment3_Gameplay3D\Debug\vc120.pdb' is missing debugging information for referencing module; linking object as if no debug info
     1>gameplay-deps.lib(mixer_sse.obj) : warning LNK4204: 'C:\Users\BTH\Desktop\Assignment3\GamePlay-master\game\assignment3_Gameplay3D\Debug\vc120.pdb' is missing debugging information for referencing module; linking object as if no debug info
     1>gameplay-deps.lib(mixer_c.obj) : warning LNK4204: 'C:\Users\BTH\Desktop\Assignment3\GamePlay-master\game\assignment3_Gameplay3D\Debug\vc120.pdb' is missing debugging information for referencing module; linking object as if no debug info
     1>gameplay-deps.lib(mixer.obj) : warning LNK4204: 'C:\Users\BTH\Desktop\Assignment3\GamePlay-master\game\assignment3_Gameplay3D\Debug\vc120.pdb' is missing debugging information for referencing module; linking object as if no debug info
     1>gameplay-deps.lib(panning.obj) : warning LNK4204: 'C:\Users\BTH\Desktop\Assignment3\GamePlay-master\game\assignment3_Gameplay3D\Debug\vc120.pdb' is missing debugging information for referencing module; linking object as if no debug info
     1>gameplay-deps.lib(hrtf.obj) : warning LNK4204: 'C:\Users\BTH\Desktop\Assignment3\GamePlay-master\game\assignment3_Gameplay3D\Debug\vc120.pdb' is missing debugging information for referencing module; linking object as if no debug info
     1>gameplay-deps.lib(helpers.obj) : warning LNK4204: 'C:\Users\BTH\Desktop\Assignment3\GamePlay-master\game\assignment3_Gameplay3D\Debug\vc120.pdb' is missing debugging information for referencing module; linking object as if no debug info
     1>gameplay-deps.lib(reverb.obj) : warning LNK4204: 'C:\Users\BTH\Desktop\Assignment3\GamePlay-master\game\assignment3_Gameplay3D\Debug\vc120.pdb' is missing debugging information for referencing module; linking object as if no debug info
     1>gameplay-deps.lib(modulator.obj) : warning LNK4204: 'C:\Users\BTH\Desktop\Assignment3\GamePlay-master\game\assignment3_Gameplay3D\Debug\vc120.pdb' is missing debugging information for referencing module; linking object as if no debug info
     1>gameplay-deps.lib(flanger.obj) : warning LNK4204: 'C:\Users\BTH\Desktop\Assignment3\GamePlay-master\game\assignment3_Gameplay3D\Debug\vc120.pdb' is missing debugging information for referencing module; linking object as if no debug info
     1>gameplay-deps.lib(equalizer.obj) : warning LNK4204: 'C:\Users\BTH\Desktop\Assignment3\GamePlay-master\game\assignment3_Gameplay3D\Debug\vc120.pdb' is missing debugging information for referencing module; linking object as if no debug info
     1>gameplay-deps.lib(echo.obj) : warning LNK4204: 'C:\Users\BTH\Desktop\Assignment3\GamePlay-master\game\assignment3_Gameplay3D\Debug\vc120.pdb' is missing debugging information for referencing module; linking object as if no debug info
     1>gameplay-deps.lib(distortion.obj) : warning LNK4204: 'C:\Users\BTH\Desktop\Assignment3\GamePlay-master\game\assignment3_Gameplay3D\Debug\vc120.pdb' is missing debugging information for referencing module; linking object as if no debug info
     1>gameplay-deps.lib(dedicated.obj) : warning LNK4204: 'C:\Users\BTH\Desktop\Assignment3\GamePlay-master\game\assignment3_Gameplay3D\Debug\vc120.pdb' is missing debugging information for referencing module; linking object as if no debug info
     1>gameplay-deps.lib(compressor.obj) : warning LNK4204: 'C:\Users\BTH\Desktop\Assignment3\GamePlay-master\game\assignment3_Gameplay3D\Debug\vc120.pdb' is missing debugging information for referencing module; linking object as if no debug info
     1>gameplay-deps.lib(chorus.obj) : warning LNK4204: 'C:\Users\BTH\Desktop\Assignment3\GamePlay-master\game\assignment3_Gameplay3D\Debug\vc120.pdb' is missing debugging information for referencing module; linking object as if no debug info
     1>gameplay-deps.lib(autowah.obj) : warning LNK4204: 'C:\Users\BTH\Desktop\Assignment3\GamePlay-master\game\assignment3_Gameplay3D\Debug\vc120.pdb' is missing debugging information for referencing module; linking object as if no debug info
     1>gameplay-deps.lib(bs2b.obj) : warning LNK4204: 'C:\Users\BTH\Desktop\Assignment3\GamePlay-master\game\assignment3_Gameplay3D\Debug\vc120.pdb' is missing debugging information for referencing module; linking object as if no debug info
     1>gameplay-deps.lib(alcRing.obj) : warning LNK4204: 'C:\Users\BTH\Desktop\Assignment3\GamePlay-master\game\assignment3_Gameplay3D\Debug\vc120.pdb' is missing debugging information for referencing module; linking object as if no debug info
     1>gameplay-deps.lib(alcConfig.obj) : warning LNK4204: 'C:\Users\BTH\Desktop\Assignment3\GamePlay-master\game\assignment3_Gameplay3D\Debug\vc120.pdb' is missing debugging information for referencing module; linking object as if no debug info
     1>gameplay-deps.lib(ALu.obj) : warning LNK4204: 'C:\Users\BTH\Desktop\Assignment3\GamePlay-master\game\assignment3_Gameplay3D\Debug\vc120.pdb' is missing debugging information for referencing module; linking object as if no debug info
     1>gameplay-deps.lib(ALc.obj) : warning LNK4204: 'C:\Users\BTH\Desktop\Assignment3\GamePlay-master\game\assignment3_Gameplay3D\Debug\vc120.pdb' is missing debugging information for referencing module; linking object as if no debug info
     1>gameplay-deps.lib(sample_cvt.obj) : warning LNK4204: 'C:\Users\BTH\Desktop\Assignment3\GamePlay-master\game\assignment3_Gameplay3D\Debug\vc120.pdb' is missing debugging information for referencing module; linking object as if no debug info
     1>gameplay-deps.lib(alThunk.obj) : warning LNK4204: 'C:\Users\BTH\Desktop\Assignment3\GamePlay-master\game\assignment3_Gameplay3D\Debug\vc120.pdb' is missing debugging information for referencing module; linking object as if no debug info
     1>gameplay-deps.lib(alState.obj) : warning LNK4204: 'C:\Users\BTH\Desktop\Assignment3\GamePlay-master\game\assignment3_Gameplay3D\Debug\vc120.pdb' is missing debugging information for referencing module; linking object as if no debug info
     1>gameplay-deps.lib(alSource.obj) : warning LNK4204: 'C:\Users\BTH\Desktop\Assignment3\GamePlay-master\game\assignment3_Gameplay3D\Debug\vc120.pdb' is missing debugging information for referencing module; linking object as if no debug info
     1>gameplay-deps.lib(alSoundfont.obj) : warning LNK4204: 'C:\Users\BTH\Desktop\Assignment3\GamePlay-master\game\assignment3_Gameplay3D\Debug\vc120.pdb' is missing debugging information for referencing module; linking object as if no debug info
     1>gameplay-deps.lib(alPreset.obj) : warning LNK4204: 'C:\Users\BTH\Desktop\Assignment3\GamePlay-master\game\assignment3_Gameplay3D\Debug\vc120.pdb' is missing debugging information for referencing module; linking object as if no debug info
     1>gameplay-deps.lib(alMidi.obj) : warning LNK4204: 'C:\Users\BTH\Desktop\Assignment3\GamePlay-master\game\assignment3_Gameplay3D\Debug\vc120.pdb' is missing debugging information for referencing module; linking object as if no debug info
     1>gameplay-deps.lib(alListener.obj) : warning LNK4204: 'C:\Users\BTH\Desktop\Assignment3\GamePlay-master\game\assignment3_Gameplay3D\Debug\vc120.pdb' is missing debugging information for referencing module; linking object as if no debug info
     1>gameplay-deps.lib(alFontsound.obj) : warning LNK4204: 'C:\Users\BTH\Desktop\Assignment3\GamePlay-master\game\assignment3_Gameplay3D\Debug\vc120.pdb' is missing debugging information for referencing module; linking object as if no debug info
     1>gameplay-deps.lib(alFilter.obj) : warning LNK4204: 'C:\Users\BTH\Desktop\Assignment3\GamePlay-master\game\assignment3_Gameplay3D\Debug\vc120.pdb' is missing debugging information for referencing module; linking object as if no debug info
     1>gameplay-deps.lib(alExtension.obj) : warning LNK4204: 'C:\Users\BTH\Desktop\Assignment3\GamePlay-master\game\assignment3_Gameplay3D\Debug\vc120.pdb' is missing debugging information for referencing module; linking object as if no debug info
     1>gameplay-deps.lib(alError.obj) : warning LNK4204: 'C:\Users\BTH\Desktop\Assignment3\GamePlay-master\game\assignment3_Gameplay3D\Debug\vc120.pdb' is missing debugging information for referencing module; linking object as if no debug info
     1>gameplay-deps.lib(alEffect.obj) : warning LNK4204: 'C:\Users\BTH\Desktop\Assignment3\GamePlay-master\game\assignment3_Gameplay3D\Debug\vc120.pdb' is missing debugging information for referencing module; linking object as if no debug info
     1>gameplay-deps.lib(alBuffer.obj) : warning LNK4204: 'C:\Users\BTH\Desktop\Assignment3\GamePlay-master\game\assignment3_Gameplay3D\Debug\vc120.pdb' is missing debugging information for referencing module; linking object as if no debug info
     1>gameplay-deps.lib(alAuxEffectSlot.obj) : warning LNK4204: 'C:\Users\BTH\Desktop\Assignment3\GamePlay-master\game\assignment3_Gameplay3D\Debug\vc120.pdb' is missing debugging information for referencing module; linking object as if no debug info
     1>gameplay-deps.lib(uintmap.obj) : warning LNK4204: 'C:\Users\BTH\Desktop\Assignment3\GamePlay-master\game\assignment3_Gameplay3D\Debug\vc120.pdb' is missing debugging information for referencing module; linking object as if no debug info
     1>gameplay-deps.lib(threads.obj) : warning LNK4204: 'C:\Users\BTH\Desktop\Assignment3\GamePlay-master\game\assignment3_Gameplay3D\Debug\vc120.pdb' is missing debugging information for referencing module; linking object as if no debug info
     1>gameplay-deps.lib(rwlock.obj) : warning LNK4204: 'C:\Users\BTH\Desktop\Assignment3\GamePlay-master\game\assignment3_Gameplay3D\Debug\vc120.pdb' is missing debugging information for referencing module; linking object as if no debug info
     1>gameplay-deps.lib(bitwise.obj) : warning LNK4204: 'C:\Users\BTH\Desktop\Assignment3\GamePlay-master\game\assignment3_Gameplay3D\Debug\vc120.pdb' is missing debugging information for referencing module; linking object as if no debug info
     1>gameplay-deps.lib(framing.obj) : warning LNK4204: 'C:\Users\BTH\Desktop\Assignment3\GamePlay-master\game\assignment3_Gameplay3D\Debug\vc120.pdb' is missing debugging information for referencing module; linking object as if no debug info
     1>gameplay-deps.lib(linit.obj) : warning LNK4204: 'C:\Users\BTH\Desktop\Assignment3\GamePlay-master\game\assignment3_Gameplay3D\Debug\vc120.pdb' is missing debugging information for referencing module; linking object as if no debug info
     1>gameplay-deps.lib(loadlib.obj) : warning LNK4204: 'C:\Users\BTH\Desktop\Assignment3\GamePlay-master\game\assignment3_Gameplay3D\Debug\vc120.pdb' is missing debugging information for referencing module; linking object as if no debug info
     1>gameplay-deps.lib(ltablib.obj) : warning LNK4204: 'C:\Users\BTH\Desktop\Assignment3\GamePlay-master\game\assignment3_Gameplay3D\Debug\vc120.pdb' is missing debugging information for referencing module; linking object as if no debug info
     1>gameplay-deps.lib(lstrlib.obj) : warning LNK4204: 'C:\Users\BTH\Desktop\Assignment3\GamePlay-master\game\assignment3_Gameplay3D\Debug\vc120.pdb' is missing debugging information for referencing module; linking object as if no debug info
     1>gameplay-deps.lib(loslib.obj) : warning LNK4204: 'C:\Users\BTH\Desktop\Assignment3\GamePlay-master\game\assignment3_Gameplay3D\Debug\vc120.pdb' is missing debugging information for referencing module; linking object as if no debug info
     1>gameplay-deps.lib(lmathlib.obj) : warning LNK4204: 'C:\Users\BTH\Desktop\Assignment3\GamePlay-master\game\assignment3_Gameplay3D\Debug\vc120.pdb' is missing debugging information for referencing module; linking object as if no debug info
     1>gameplay-deps.lib(liolib.obj) : warning LNK4204: 'C:\Users\BTH\Desktop\Assignment3\GamePlay-master\game\assignment3_Gameplay3D\Debug\vc120.pdb' is missing debugging information for referencing module; linking object as if no debug info
     1>gameplay-deps.lib(ldblib.obj) : warning LNK4204: 'C:\Users\BTH\Desktop\Assignment3\GamePlay-master\game\assignment3_Gameplay3D\Debug\vc120.pdb' is missing debugging information for referencing module; linking object as if no debug info
     1>gameplay-deps.lib(lcorolib.obj) : warning LNK4204: 'C:\Users\BTH\Desktop\Assignment3\GamePlay-master\game\assignment3_Gameplay3D\Debug\vc120.pdb' is missing debugging information for referencing module; linking object as if no debug info
     1>gameplay-deps.lib(lbitlib.obj) : warning LNK4204: 'C:\Users\BTH\Desktop\Assignment3\GamePlay-master\game\assignment3_Gameplay3D\Debug\vc120.pdb' is missing debugging information for referencing module; linking object as if no debug info
     1>gameplay-deps.lib(lbaselib.obj) : warning LNK4204: 'C:\Users\BTH\Desktop\Assignment3\GamePlay-master\game\assignment3_Gameplay3D\Debug\vc120.pdb' is missing debugging information for referencing module; linking object as if no debug info
     1>gameplay-deps.lib(lauxlib.obj) : warning LNK4204: 'C:\Users\BTH\Desktop\Assignment3\GamePlay-master\game\assignment3_Gameplay3D\Debug\vc120.pdb' is missing debugging information for referencing module; linking object as if no debug info
     1>gameplay-deps.lib(lzio.obj) : warning LNK4204: 'C:\Users\BTH\Desktop\Assignment3\GamePlay-master\game\assignment3_Gameplay3D\Debug\vc120.pdb' is missing debugging information for referencing module; linking object as if no debug info
     1>gameplay-deps.lib(lvm.obj) : warning LNK4204: 'C:\Users\BTH\Desktop\Assignment3\GamePlay-master\game\assignment3_Gameplay3D\Debug\vc120.pdb' is missing debugging information for referencing module; linking object as if no debug info
     1>gameplay-deps.lib(lundump.obj) : warning LNK4204: 'C:\Users\BTH\Desktop\Assignment3\GamePlay-master\game\assignment3_Gameplay3D\Debug\vc120.pdb' is missing debugging information for referencing module; linking object as if no debug info
     1>gameplay-deps.lib(ltm.obj) : warning LNK4204: 'C:\Users\BTH\Desktop\Assignment3\GamePlay-master\game\assignment3_Gameplay3D\Debug\vc120.pdb' is missing debugging information for referencing module; linking object as if no debug info
     1>gameplay-deps.lib(ltable.obj) : warning LNK4204: 'C:\Users\BTH\Desktop\Assignment3\GamePlay-master\game\assignment3_Gameplay3D\Debug\vc120.pdb' is missing debugging information for referencing module; linking object as if no debug info
     1>gameplay-deps.lib(lstring.obj) : warning LNK4204: 'C:\Users\BTH\Desktop\Assignment3\GamePlay-master\game\assignment3_Gameplay3D\Debug\vc120.pdb' is missing debugging information for referencing module; linking object as if no debug info
     1>gameplay-deps.lib(lstate.obj) : warning LNK4204: 'C:\Users\BTH\Desktop\Assignment3\GamePlay-master\game\assignment3_Gameplay3D\Debug\vc120.pdb' is missing debugging information for referencing module; linking object as if no debug info
     1>gameplay-deps.lib(lparser.obj) : warning LNK4204: 'C:\Users\BTH\Desktop\Assignment3\GamePlay-master\game\assignment3_Gameplay3D\Debug\vc120.pdb' is missing debugging information for referencing module; linking object as if no debug info
     1>gameplay-deps.lib(lopcodes.obj) : warning LNK4204: 'C:\Users\BTH\Desktop\Assignment3\GamePlay-master\game\assignment3_Gameplay3D\Debug\vc120.pdb' is missing debugging information for referencing module; linking object as if no debug info
     1>gameplay-deps.lib(lobject.obj) : warning LNK4204: 'C:\Users\BTH\Desktop\Assignment3\GamePlay-master\game\assignment3_Gameplay3D\Debug\vc120.pdb' is missing debugging information for referencing module; linking object as if no debug info
     1>gameplay-deps.lib(lmem.obj) : warning LNK4204: 'C:\Users\BTH\Desktop\Assignment3\GamePlay-master\game\assignment3_Gameplay3D\Debug\vc120.pdb' is missing debugging information for referencing module; linking object as if no debug info
     1>gameplay-deps.lib(llex.obj) : warning LNK4204: 'C:\Users\BTH\Desktop\Assignment3\GamePlay-master\game\assignment3_Gameplay3D\Debug\vc120.pdb' is missing debugging information for referencing module; linking object as if no debug info
     1>gameplay-deps.lib(lgc.obj) : warning LNK4204: 'C:\Users\BTH\Desktop\Assignment3\GamePlay-master\game\assignment3_Gameplay3D\Debug\vc120.pdb' is missing debugging information for referencing module; linking object as if no debug info
     1>gameplay-deps.lib(lfunc.obj) : warning LNK4204: 'C:\Users\BTH\Desktop\Assignment3\GamePlay-master\game\assignment3_Gameplay3D\Debug\vc120.pdb' is missing debugging information for referencing module; linking object as if no debug info
     1>gameplay-deps.lib(ldump.obj) : warning LNK4204: 'C:\Users\BTH\Desktop\Assignment3\GamePlay-master\game\assignment3_Gameplay3D\Debug\vc120.pdb' is missing debugging information for referencing module; linking object as if no debug info
     1>gameplay-deps.lib(ldo.obj) : warning LNK4204: 'C:\Users\BTH\Desktop\Assignment3\GamePlay-master\game\assignment3_Gameplay3D\Debug\vc120.pdb' is missing debugging information for referencing module; linking object as if no debug info
     1>gameplay-deps.lib(ldebug.obj) : warning LNK4204: 'C:\Users\BTH\Desktop\Assignment3\GamePlay-master\game\assignment3_Gameplay3D\Debug\vc120.pdb' is missing debugging information for referencing module; linking object as if no debug info
     1>gameplay-deps.lib(lctype.obj) : warning LNK4204: 'C:\Users\BTH\Desktop\Assignment3\GamePlay-master\game\assignment3_Gameplay3D\Debug\vc120.pdb' is missing debugging information for referencing module; linking object as if no debug info
     1>gameplay-deps.lib(lcode.obj) : warning LNK4204: 'C:\Users\BTH\Desktop\Assignment3\GamePlay-master\game\assignment3_Gameplay3D\Debug\vc120.pdb' is missing debugging information for referencing module; linking object as if no debug info
     1>gameplay-deps.lib(lapi.obj) : warning LNK4204: 'C:\Users\BTH\Desktop\Assignment3\GamePlay-master\game\assignment3_Gameplay3D\Debug\vc120.pdb' is missing debugging information for referencing module; linking object as if no debug info
     1>gameplay-deps.lib(btVector3.obj) : warning LNK4204: 'C:\Users\BTH\Desktop\Assignment3\GamePlay-master\game\assignment3_Gameplay3D\Debug\vc120.pdb' is missing debugging information for referencing module; linking object as if no debug info
     1>gameplay-deps.lib(btQuickprof.obj) : warning LNK4204: 'C:\Users\BTH\Desktop\Assignment3\GamePlay-master\game\assignment3_Gameplay3D\Debug\vc120.pdb' is missing debugging information for referencing module; linking object as if no debug info
     1>gameplay-deps.lib(btGeometryUtil.obj) : warning LNK4204: 'C:\Users\BTH\Desktop\Assignment3\GamePlay-master\game\assignment3_Gameplay3D\Debug\vc120.pdb' is missing debugging information for referencing module; linking object as if no debug info
     1>gameplay-deps.lib(btConvexHullComputer.obj) : warning LNK4204: 'C:\Users\BTH\Desktop\Assignment3\GamePlay-master\game\assignment3_Gameplay3D\Debug\vc120.pdb' is missing debugging information for referencing module; linking object as if no debug info
     1>gameplay-deps.lib(btConvexHull.obj) : warning LNK4204: 'C:\Users\BTH\Desktop\Assignment3\GamePlay-master\game\assignment3_Gameplay3D\Debug\vc120.pdb' is missing debugging information for referencing module; linking object as if no debug info
     1>gameplay-deps.lib(btAlignedAllocator.obj) : warning LNK4204: 'C:\Users\BTH\Desktop\Assignment3\GamePlay-master\game\assignment3_Gameplay3D\Debug\vc120.pdb' is missing debugging information for referencing module; linking object as if no debug info
     1>gameplay-deps.lib(glew.obj) : warning LNK4204: 'C:\Users\BTH\Desktop\Assignment3\GamePlay-master\game\assignment3_Gameplay3D\Debug\vc120.pdb' is missing debugging information for referencing module; linking object as if no debug info
     1>gameplay-deps.lib(btWheelInfo.obj) : warning LNK4204: 'C:\Users\BTH\Desktop\Assignment3\GamePlay-master\game\assignment3_Gameplay3D\Debug\vc120.pdb' is missing debugging information for referencing module; linking object as if no debug info
     1>gameplay-deps.lib(btRaycastVehicle.obj) : warning LNK4204: 'C:\Users\BTH\Desktop\Assignment3\GamePlay-master\game\assignment3_Gameplay3D\Debug\vc120.pdb' is missing debugging information for referencing module; linking object as if no debug info
     1>gameplay-deps.lib(btRigidBody.obj) : warning LNK4204: 'C:\Users\BTH\Desktop\Assignment3\GamePlay-master\game\assignment3_Gameplay3D\Debug\vc120.pdb' is missing debugging information for referencing module; linking object as if no debug info
     1>gameplay-deps.lib(btDiscreteDynamicsWorld.obj) : warning LNK4204: 'C:\Users\BTH\Desktop\Assignment3\GamePlay-master\game\assignment3_Gameplay3D\Debug\vc120.pdb' is missing debugging information for referencing module; linking object as if no debug info
     1>gameplay-deps.lib(btTypedConstraint.obj) : warning LNK4204: 'C:\Users\BTH\Desktop\Assignment3\GamePlay-master\game\assignment3_Gameplay3D\Debug\vc120.pdb' is missing debugging information for referencing module; linking object as if no debug info
     1>gameplay-deps.lib(btSequentialImpulseConstraintSolver.obj) : warning LNK4204: 'C:\Users\BTH\Desktop\Assignment3\GamePlay-master\game\assignment3_Gameplay3D\Debug\vc120.pdb' is missing debugging information for referencing module; linking object as if no debug info
     1>gameplay-deps.lib(btPoint2PointConstraint.obj) : warning LNK4204: 'C:\Users\BTH\Desktop\Assignment3\GamePlay-master\game\assignment3_Gameplay3D\Debug\vc120.pdb' is missing debugging information for referencing module; linking object as if no debug info
     1>gameplay-deps.lib(btHingeConstraint.obj) : warning LNK4204: 'C:\Users\BTH\Desktop\Assignment3\GamePlay-master\game\assignment3_Gameplay3D\Debug\vc120.pdb' is missing debugging information for referencing module; linking object as if no debug info
     1>gameplay-deps.lib(btGeneric6DofSpringConstraint.obj) : warning LNK4204: 'C:\Users\BTH\Desktop\Assignment3\GamePlay-master\game\assignment3_Gameplay3D\Debug\vc120.pdb' is missing debugging information for referencing module; linking object as if no debug info
     1>gameplay-deps.lib(btGeneric6DofConstraint.obj) : warning LNK4204: 'C:\Users\BTH\Desktop\Assignment3\GamePlay-master\game\assignment3_Gameplay3D\Debug\vc120.pdb' is missing debugging information for referencing module; linking object as if no debug info
     1>gameplay-deps.lib(btContactConstraint.obj) : warning LNK4204: 'C:\Users\BTH\Desktop\Assignment3\GamePlay-master\game\assignment3_Gameplay3D\Debug\vc120.pdb' is missing debugging information for referencing module; linking object as if no debug info
     1>gameplay-deps.lib(btConeTwistConstraint.obj) : warning LNK4204: 'C:\Users\BTH\Desktop\Assignment3\GamePlay-master\game\assignment3_Gameplay3D\Debug\vc120.pdb' is missing debugging information for referencing module; linking object as if no debug info
     1>gameplay-deps.lib(btPolyhedralContactClipping.obj) : warning LNK4204: 'C:\Users\BTH\Desktop\Assignment3\GamePlay-master\game\assignment3_Gameplay3D\Debug\vc120.pdb' is missing debugging information for referencing module; linking object as if no debug info
     1>gameplay-deps.lib(btVoronoiSimplexSolver.obj) : warning LNK4204: 'C:\Users\BTH\Desktop\Assignment3\GamePlay-master\game\assignment3_Gameplay3D\Debug\vc120.pdb' is missing debugging information for referencing module; linking object as if no debug info
     1>gameplay-deps.lib(btSubSimplexConvexCast.obj) : warning LNK4204: 'C:\Users\BTH\Desktop\Assignment3\GamePlay-master\game\assignment3_Gameplay3D\Debug\vc120.pdb' is missing debugging information for referencing module; linking object as if no debug info
     1>gameplay-deps.lib(btRaycastCallback.obj) : warning LNK4204: 'C:\Users\BTH\Desktop\Assignment3\GamePlay-master\game\assignment3_Gameplay3D\Debug\vc120.pdb' is missing debugging information for referencing module; linking object as if no debug info
     1>gameplay-deps.lib(btPersistentManifold.obj) : warning LNK4204: 'C:\Users\BTH\Desktop\Assignment3\GamePlay-master\game\assignment3_Gameplay3D\Debug\vc120.pdb' is missing debugging information for referencing module; linking object as if no debug info
     1>gameplay-deps.lib(btMinkowskiPenetrationDepthSolver.obj) : warning LNK4204: 'C:\Users\BTH\Desktop\Assignment3\GamePlay-master\game\assignment3_Gameplay3D\Debug\vc120.pdb' is missing debugging information for referencing module; linking object as if no debug info
     1>gameplay-deps.lib(btGjkPairDetector.obj) : warning LNK4204: 'C:\Users\BTH\Desktop\Assignment3\GamePlay-master\game\assignment3_Gameplay3D\Debug\vc120.pdb' is missing debugging information for referencing module; linking object as if no debug info
     1>gameplay-deps.lib(btGjkEpaPenetrationDepthSolver.obj) : warning LNK4204: 'C:\Users\BTH\Desktop\Assignment3\GamePlay-master\game\assignment3_Gameplay3D\Debug\vc120.pdb' is missing debugging information for referencing module; linking object as if no debug info
     1>gameplay-deps.lib(btGjkEpa2.obj) : warning LNK4204: 'C:\Users\BTH\Desktop\Assignment3\GamePlay-master\game\assignment3_Gameplay3D\Debug\vc120.pdb' is missing debugging information for referencing module; linking object as if no debug info
     1>gameplay-deps.lib(btGjkConvexCast.obj) : warning LNK4204: 'C:\Users\BTH\Desktop\Assignment3\GamePlay-master\game\assignment3_Gameplay3D\Debug\vc120.pdb' is missing debugging information for referencing module; linking object as if no debug info
     1>gameplay-deps.lib(btConvexCast.obj) : warning LNK4204: 'C:\Users\BTH\Desktop\Assignment3\GamePlay-master\game\assignment3_Gameplay3D\Debug\vc120.pdb' is missing debugging information for referencing module; linking object as if no debug info
     1>gameplay-deps.lib(btContinuousConvexCollision.obj) : warning LNK4204: 'C:\Users\BTH\Desktop\Assignment3\GamePlay-master\game\assignment3_Gameplay3D\Debug\vc120.pdb' is missing debugging information for referencing module; linking object as if no debug info
     1>gameplay-deps.lib(btTriangleMeshShape.obj) : warning LNK4204: 'C:\Users\BTH\Desktop\Assignment3\GamePlay-master\game\assignment3_Gameplay3D\Debug\vc120.pdb' is missing debugging information for referencing module; linking object as if no debug info
     1>gameplay-deps.lib(btTriangleIndexVertexArray.obj) : warning LNK4204: 'C:\Users\BTH\Desktop\Assignment3\GamePlay-master\game\assignment3_Gameplay3D\Debug\vc120.pdb' is missing debugging information for referencing module; linking object as if no debug info
     1>gameplay-deps.lib(btTriangleCallback.obj) : warning LNK4204: 'C:\Users\BTH\Desktop\Assignment3\GamePlay-master\game\assignment3_Gameplay3D\Debug\vc120.pdb' is missing debugging information for referencing module; linking object as if no debug info
     1>gameplay-deps.lib(btStridingMeshInterface.obj) : warning LNK4204: 'C:\Users\BTH\Desktop\Assignment3\GamePlay-master\game\assignment3_Gameplay3D\Debug\vc120.pdb' is missing debugging information for referencing module; linking object as if no debug info
     1>gameplay-deps.lib(btSphereShape.obj) : warning LNK4204: 'C:\Users\BTH\Desktop\Assignment3\GamePlay-master\game\assignment3_Gameplay3D\Debug\vc120.pdb' is missing debugging information for referencing module; linking object as if no debug info
     1>gameplay-deps.lib(btShapeHull.obj) : warning LNK4204: 'C:\Users\BTH\Desktop\Assignment3\GamePlay-master\game\assignment3_Gameplay3D\Debug\vc120.pdb' is missing debugging information for referencing module; linking object as if no debug info
     1>gameplay-deps.lib(btPolyhedralConvexShape.obj) : warning LNK4204: 'C:\Users\BTH\Desktop\Assignment3\GamePlay-master\game\assignment3_Gameplay3D\Debug\vc120.pdb' is missing debugging information for referencing module; linking object as if no debug info
     1>gameplay-deps.lib(btOptimizedBvh.obj) : warning LNK4204: 'C:\Users\BTH\Desktop\Assignment3\GamePlay-master\game\assignment3_Gameplay3D\Debug\vc120.pdb' is missing debugging information for referencing module; linking object as if no debug info
     1>gameplay-deps.lib(btHeightfieldTerrainShape.obj) : warning LNK4204: 'C:\Users\BTH\Desktop\Assignment3\GamePlay-master\game\assignment3_Gameplay3D\Debug\vc120.pdb' is missing debugging information for referencing module; linking object as if no debug info
     1>gameplay-deps.lib(btConvexShape.obj) : warning LNK4204: 'C:\Users\BTH\Desktop\Assignment3\GamePlay-master\game\assignment3_Gameplay3D\Debug\vc120.pdb' is missing debugging information for referencing module; linking object as if no debug info
     1>gameplay-deps.lib(btConvexPolyhedron.obj) : warning LNK4204: 'C:\Users\BTH\Desktop\Assignment3\GamePlay-master\game\assignment3_Gameplay3D\Debug\vc120.pdb' is missing debugging information for referencing module; linking object as if no debug info
     1>gameplay-deps.lib(btConvexInternalShape.obj) : warning LNK4204: 'C:\Users\BTH\Desktop\Assignment3\GamePlay-master\game\assignment3_Gameplay3D\Debug\vc120.pdb' is missing debugging information for referencing module; linking object as if no debug info
     1>gameplay-deps.lib(btConvexHullShape.obj) : warning LNK4204: 'C:\Users\BTH\Desktop\Assignment3\GamePlay-master\game\assignment3_Gameplay3D\Debug\vc120.pdb' is missing debugging information for referencing module; linking object as if no debug info
     1>gameplay-deps.lib(btConcaveShape.obj) : warning LNK4204: 'C:\Users\BTH\Desktop\Assignment3\GamePlay-master\game\assignment3_Gameplay3D\Debug\vc120.pdb' is missing debugging information for referencing module; linking object as if no debug info
     1>gameplay-deps.lib(btCollisionShape.obj) : warning LNK4204: 'C:\Users\BTH\Desktop\Assignment3\GamePlay-master\game\assignment3_Gameplay3D\Debug\vc120.pdb' is missing debugging information for referencing module; linking object as if no debug info
     1>gameplay-deps.lib(btCapsuleShape.obj) : warning LNK4204: 'C:\Users\BTH\Desktop\Assignment3\GamePlay-master\game\assignment3_Gameplay3D\Debug\vc120.pdb' is missing debugging information for referencing module; linking object as if no debug info
     1>gameplay-deps.lib(btBvhTriangleMeshShape.obj) : warning LNK4204: 'C:\Users\BTH\Desktop\Assignment3\GamePlay-master\game\assignment3_Gameplay3D\Debug\vc120.pdb' is missing debugging information for referencing module; linking object as if no debug info
     1>gameplay-deps.lib(btBoxShape.obj) : warning LNK4204: 'C:\Users\BTH\Desktop\Assignment3\GamePlay-master\game\assignment3_Gameplay3D\Debug\vc120.pdb' is missing debugging information for referencing module; linking object as if no debug info
     1>gameplay-deps.lib(SphereTriangleDetector.obj) : warning LNK4204: 'C:\Users\BTH\Desktop\Assignment3\GamePlay-master\game\assignment3_Gameplay3D\Debug\vc120.pdb' is missing debugging information for referencing module; linking object as if no debug info
     1>gameplay-deps.lib(btUnionFind.obj) : warning LNK4204: 'C:\Users\BTH\Desktop\Assignment3\GamePlay-master\game\assignment3_Gameplay3D\Debug\vc120.pdb' is missing debugging information for referencing module; linking object as if no debug info
     1>gameplay-deps.lib(btSphereTriangleCollisionAlgorithm.obj) : warning LNK4204: 'C:\Users\BTH\Desktop\Assignment3\GamePlay-master\game\assignment3_Gameplay3D\Debug\vc120.pdb' is missing debugging information for referencing module; linking object as if no debug info
     1>gameplay-deps.lib(btSphereSphereCollisionAlgorithm.obj) : warning LNK4204: 'C:\Users\BTH\Desktop\Assignment3\GamePlay-master\game\assignment3_Gameplay3D\Debug\vc120.pdb' is missing debugging information for referencing module; linking object as if no debug info
     1>gameplay-deps.lib(btSimulationIslandManager.obj) : warning LNK4204: 'C:\Users\BTH\Desktop\Assignment3\GamePlay-master\game\assignment3_Gameplay3D\Debug\vc120.pdb' is missing debugging information for referencing module; linking object as if no debug info
     1>gameplay-deps.lib(btManifoldResult.obj) : warning LNK4204: 'C:\Users\BTH\Desktop\Assignment3\GamePlay-master\game\assignment3_Gameplay3D\Debug\vc120.pdb' is missing debugging information for referencing module; linking object as if no debug info
     1>gameplay-deps.lib(btHashedSimplePairCache.obj) : warning LNK4204: 'C:\Users\BTH\Desktop\Assignment3\GamePlay-master\game\assignment3_Gameplay3D\Debug\vc120.pdb' is missing debugging information for referencing module; linking object as if no debug info
     1>gameplay-deps.lib(btGhostObject.obj) : warning LNK4204: 'C:\Users\BTH\Desktop\Assignment3\GamePlay-master\game\assignment3_Gameplay3D\Debug\vc120.pdb' is missing debugging information for referencing module; linking object as if no debug info
     1>gameplay-deps.lib(btEmptyCollisionAlgorithm.obj) : warning LNK4204: 'C:\Users\BTH\Desktop\Assignment3\GamePlay-master\game\assignment3_Gameplay3D\Debug\vc120.pdb' is missing debugging information for referencing module; linking object as if no debug info
     1>gameplay-deps.lib(btDefaultCollisionConfiguration.obj) : warning LNK4204: 'C:\Users\BTH\Desktop\Assignment3\GamePlay-master\game\assignment3_Gameplay3D\Debug\vc120.pdb' is missing debugging information for referencing module; linking object as if no debug info
     1>gameplay-deps.lib(btConvexPlaneCollisionAlgorithm.obj) : warning LNK4204: 'C:\Users\BTH\Desktop\Assignment3\GamePlay-master\game\assignment3_Gameplay3D\Debug\vc120.pdb' is missing debugging information for referencing module; linking object as if no debug info
     1>gameplay-deps.lib(btConvexConvexAlgorithm.obj) : warning LNK4204: 'C:\Users\BTH\Desktop\Assignment3\GamePlay-master\game\assignment3_Gameplay3D\Debug\vc120.pdb' is missing debugging information for referencing module; linking object as if no debug info
     1>gameplay-deps.lib(btConvexConcaveCollisionAlgorithm.obj) : warning LNK4204: 'C:\Users\BTH\Desktop\Assignment3\GamePlay-master\game\assignment3_Gameplay3D\Debug\vc120.pdb' is missing debugging information for referencing module; linking object as if no debug info
     1>gameplay-deps.lib(btCompoundCompoundCollisionAlgorithm.obj) : warning LNK4204: 'C:\Users\BTH\Desktop\Assignment3\GamePlay-master\game\assignment3_Gameplay3D\Debug\vc120.pdb' is missing debugging information for referencing module; linking object as if no debug info
     1>gameplay-deps.lib(btCompoundCollisionAlgorithm.obj) : warning LNK4204: 'C:\Users\BTH\Desktop\Assignment3\GamePlay-master\game\assignment3_Gameplay3D\Debug\vc120.pdb' is missing debugging information for referencing module; linking object as if no debug info
     1>gameplay-deps.lib(btCollisionWorld.obj) : warning LNK4204: 'C:\Users\BTH\Desktop\Assignment3\GamePlay-master\game\assignment3_Gameplay3D\Debug\vc120.pdb' is missing debugging information for referencing module; linking object as if no debug info
     1>gameplay-deps.lib(btCollisionObject.obj) : warning LNK4204: 'C:\Users\BTH\Desktop\Assignment3\GamePlay-master\game\assignment3_Gameplay3D\Debug\vc120.pdb' is missing debugging information for referencing module; linking object as if no debug info
     1>gameplay-deps.lib(btCollisionDispatcher.obj) : warning LNK4204: 'C:\Users\BTH\Desktop\Assignment3\GamePlay-master\game\assignment3_Gameplay3D\Debug\vc120.pdb' is missing debugging information for referencing module; linking object as if no debug info
     1>gameplay-deps.lib(btBoxBoxDetector.obj) : warning LNK4204: 'C:\Users\BTH\Desktop\Assignment3\GamePlay-master\game\assignment3_Gameplay3D\Debug\vc120.pdb' is missing debugging information for referencing module; linking object as if no debug info
     1>gameplay-deps.lib(btBoxBoxCollisionAlgorithm.obj) : warning LNK4204: 'C:\Users\BTH\Desktop\Assignment3\GamePlay-master\game\assignment3_Gameplay3D\Debug\vc120.pdb' is missing debugging information for referencing module; linking object as if no debug info
     1>gameplay-deps.lib(btActivatingCollisionAlgorithm.obj) : warning LNK4204: 'C:\Users\BTH\Desktop\Assignment3\GamePlay-master\game\assignment3_Gameplay3D\Debug\vc120.pdb' is missing debugging information for referencing module; linking object as if no debug info
     1>gameplay-deps.lib(btQuantizedBvh.obj) : warning LNK4204: 'C:\Users\BTH\Desktop\Assignment3\GamePlay-master\game\assignment3_Gameplay3D\Debug\vc120.pdb' is missing debugging information for referencing module; linking object as if no debug info
     1>gameplay-deps.lib(btOverlappingPairCache.obj) : warning LNK4204: 'C:\Users\BTH\Desktop\Assignment3\GamePlay-master\game\assignment3_Gameplay3D\Debug\vc120.pdb' is missing debugging information for referencing module; linking object as if no debug info
     1>gameplay-deps.lib(btDispatcher.obj) : warning LNK4204: 'C:\Users\BTH\Desktop\Assignment3\GamePlay-master\game\assignment3_Gameplay3D\Debug\vc120.pdb' is missing debugging information for referencing module; linking object as if no debug info
     1>gameplay-deps.lib(btDbvtBroadphase.obj) : warning LNK4204: 'C:\Users\BTH\Desktop\Assignment3\GamePlay-master\game\assignment3_Gameplay3D\Debug\vc120.pdb' is missing debugging information for referencing module; linking object as if no debug info
     1>gameplay-deps.lib(btDbvt.obj) : warning LNK4204: 'C:\Users\BTH\Desktop\Assignment3\GamePlay-master\game\assignment3_Gameplay3D\Debug\vc120.pdb' is missing debugging information for referencing module; linking object as if no debug info
     1>gameplay-deps.lib(btCollisionAlgorithm.obj) : warning LNK4204: 'C:\Users\BTH\Desktop\Assignment3\GamePlay-master\game\assignment3_Gameplay3D\Debug\vc120.pdb' is missing debugging information for referencing module; linking object as if no debug info
         assignment3_Gameplay3D.vcxproj -> C:\Users\BTH\Desktop\Assignment3\GamePlay-master\game\assignment3_Gameplay3D\Debug\assignment3_Gameplay3D.exe
     1>Done Building Project "C:\Users\BTH\Desktop\Assignment3\GamePlay-master\game\assignment3_Gameplay3D\assignment3_Gameplay3D.vcxproj" (Build target(s)).

Build succeeded.

Time Elapsed 00:00:03.51
